{"asctime": "2025-07-11 17:43:02,832", "levelname": "INFO", "name": "app", "message": "Error fetching posts from instagram 500: Failed to fetch posts: 400: Unknown path components: /17841475490525357/media"}
{"asctime": "2025-07-11 17:44:16,012", "levelname": "INFO", "name": "app", "message": "Error while fetching mentions from facebook 500: 400: Unknown path components: /698341430031580/tagged"}
{"asctime": "2025-07-11 17:44:59,350", "levelname": "INFO", "name": "app", "message": "Error while fetching mentions from facebook 500: 400: Unknown path components: /698341430031580/tagged"}
{"asctime": "2025-07-11 17:46:07,242", "levelname": "INFO", "name": "app", "message": "Error fetching mentioned posts from instagram 500: Failed to fetch mentions: 400: Unknown path components: /17841475490525357/mentions"}
{"asctime": "2025-07-11 17:47:28,989", "levelname": "INFO", "name": "app", "message": "Error fetching posts from instagram 500: Failed to fetch posts: 400: Unknown path components: /17841475490525357/media"}
{"asctime": "2025-07-11 17:52:03,744", "levelname": "INFO", "name": "app", "message": "Error fetching posts from instagram 500: Failed to fetch posts: 400: Unknown path components: /17841475490525357/media"}
{"asctime": "2025-07-11 17:52:29,806", "levelname": "INFO", "name": "app", "message": "Error fetching posts from instagram 500: Failed to fetch posts: 400: Unknown path components: /17841475490525357/media"}
{"asctime": "2025-07-11 17:55:55,142", "levelname": "INFO", "name": "app", "message": "Error while fetching mentions from facebook 500: 400: Unknown path components: /698341430031580/tagged"}
{"asctime": "2025-07-11 17:56:22,190", "levelname": "INFO", "name": "app", "message": "Error while fetching mentions from facebook 500: 400: Unknown path components: /698341430031580/tagged"}
{"asctime": "2025-07-11 17:58:19,408", "levelname": "INFO", "name": "app", "message": "Error while fetching mentions from facebook 500: 400: Unknown path components: /698341430031580/tagged"}
{"asctime": "2025-07-12 11:54:26,676", "levelname": "INFO", "name": "app", "message": "Error fetching posts from instagram 500: Failed to fetch posts: 400: Unknown path components: /17841475490525357/media"}
{"asctime": "2025-07-12 11:54:44,686", "levelname": "INFO", "name": "app", "message": "Error while fetching facebook posts 500: 400: Unknown path components: /698341430031580/posts"}
{"asctime": "2025-07-14 10:24:28,751", "levelname": "INFO", "name": "app", "message": "Error fetching conversations from instagram"}
{"asctime": "2025-07-14 10:28:08,438", "levelname": "INFO", "name": "app", "message": "Error replying comments 500: Failed to reply: 400: (#10) Application does not have permission for this action"}
{"asctime": "2025-07-14 11:57:51,161", "levelname": "INFO", "name": "app", "message": "Error while fetching mentions from facebook 500: 400: Error validating access token: Session has expired on Sunday, 13-Jul-25 23:00:00 PDT. The current time is Sunday, 13-Jul-25 23:27:48 PDT."}
{"asctime": "2025-07-14 11:58:38,938", "levelname": "INFO", "name": "app", "message": "Error while fetching mentions from facebook 500: 400: Error validating access token: Session has expired on Sunday, 13-Jul-25 23:00:00 PDT. The current time is Sunday, 13-Jul-25 23:28:36 PDT."}
{"asctime": "2025-07-14 12:00:44,018", "levelname": "INFO", "name": "app", "message": "Error while fetching mentions from facebook 500: 400: (#12) deprecate_post_aggregated_fields_for_attachement is deprecated for versions v3.3 and higher"}
{"asctime": "2025-07-15 13:44:08,043", "levelname": "INFO", "name": "app", "message": "Error fetching mentioned posts from instagram fetch_ig_mentions() missing 1 required positional argument: 'db'"}
{"asctime": "2025-07-15 13:48:04,956", "levelname": "INFO", "name": "app", "message": "Error fetching mentioned posts from instagram 500: Failed to fetch mentions: 500: Failed to fetch tags: 'permalink' is an invalid keyword argument for MentionPost"}
{"asctime": "2025-07-15 13:50:00,746", "levelname": "INFO", "name": "app", "message": "Error fetching mentioned posts from instagram 500: Failed to fetch mentions: 500: Failed to fetch tags: 'permalink' is an invalid keyword argument for MentionPost"}
{"asctime": "2025-07-15 13:55:15,937", "levelname": "INFO", "name": "app", "message": "Error fetching mentioned posts from instagram 500: Failed to fetch mentions: 500: Failed to fetch tags: 'permalink' is an invalid keyword argument for MentionPost"}
{"asctime": "2025-07-15 14:15:18,868", "levelname": "INFO", "name": "app", "message": "Error while fetching mentions from facebook get_fb_mentions() missing 1 required positional argument: 'db'"}
{"asctime": "2025-07-15 14:16:52,574", "levelname": "INFO", "name": "app", "message": "Error while fetching mentions from facebook 500: 'permalink' is an invalid keyword argument for MentionPost"}
{"asctime": "2025-07-18 16:24:52,006", "levelname": "INFO", "name": "app", "message": "Error fetching mentioned posts from instagram 500: Failed to fetch mentions: 400: Error validating access token: Session has expired on Friday, 18-Jul-25 01:00:00 PDT. The current time is Friday, 18-Jul-25 03:54:51 PDT."}
{"asctime": "2025-07-18 16:24:52,010", "levelname": "INFO", "name": "app", "message": "Error while fetching mentions from facebook 500: 400: Error validating access token: Session has expired on Friday, 18-Jul-25 01:00:00 PDT. The current time is Friday, 18-Jul-25 03:54:51 PDT."}
{"asctime": "2025-07-18 16:25:01,637", "levelname": "INFO", "name": "app", "message": "Error while fetching mentions from facebook 500: 400: Error validating access token: Session has expired on Friday, 18-Jul-25 01:00:00 PDT. The current time is Friday, 18-Jul-25 03:55:00 PDT."}
{"asctime": "2025-07-18 16:25:01,693", "levelname": "INFO", "name": "app", "message": "Error fetching mentioned posts from instagram 500: Failed to fetch mentions: 400: Error validating access token: Session has expired on Friday, 18-Jul-25 01:00:00 PDT. The current time is Friday, 18-Jul-25 03:55:00 PDT."}
{"asctime": "2025-07-18 16:25:31,957", "levelname": "INFO", "name": "app", "message": "Error fetching mentioned posts from instagram 500: Failed to fetch mentions: 400: Error validating access token: Session has expired on Friday, 18-Jul-25 01:00:00 PDT. The current time is Friday, 18-Jul-25 03:55:31 PDT."}
{"asctime": "2025-07-18 16:25:31,967", "levelname": "INFO", "name": "app", "message": "Error while fetching mentions from facebook 500: 400: Error validating access token: Session has expired on Friday, 18-Jul-25 01:00:00 PDT. The current time is Friday, 18-Jul-25 03:55:31 PDT."}
{"asctime": "2025-07-18 16:25:41,266", "levelname": "INFO", "name": "app", "message": "Error while fetching mentions from facebook 500: 400: Error validating access token: Session has expired on Friday, 18-Jul-25 01:00:00 PDT. The current time is Friday, 18-Jul-25 03:55:40 PDT."}
{"asctime": "2025-07-18 16:25:41,274", "levelname": "INFO", "name": "app", "message": "Error fetching mentioned posts from instagram 500: Failed to fetch mentions: 400: Error validating access token: Session has expired on Friday, 18-Jul-25 01:00:00 PDT. The current time is Friday, 18-Jul-25 03:55:40 PDT."}
{"asctime": "2025-07-18 16:25:45,720", "levelname": "INFO", "name": "app", "message": "Error fetching mentioned posts from instagram 500: Failed to fetch mentions: 400: Error validating access token: Session has expired on Friday, 18-Jul-25 01:00:00 PDT. The current time is Friday, 18-Jul-25 03:55:44 PDT."}
{"asctime": "2025-07-18 16:25:45,720", "levelname": "INFO", "name": "app", "message": "Error while fetching mentions from facebook 500: 400: Error validating access token: Session has expired on Friday, 18-Jul-25 01:00:00 PDT. The current time is Friday, 18-Jul-25 03:55:44 PDT."}
{"asctime": "2025-07-18 16:26:16,234", "levelname": "INFO", "name": "app", "message": "Error fetching mentioned posts from instagram 500: Failed to fetch mentions: 400: Error validating access token: Session has expired on Friday, 18-Jul-25 01:00:00 PDT. The current time is Friday, 18-Jul-25 03:56:15 PDT."}
{"asctime": "2025-07-18 16:26:16,300", "levelname": "INFO", "name": "app", "message": "Error while fetching mentions from facebook 500: 400: Error validating access token: Session has expired on Friday, 18-Jul-25 01:00:00 PDT. The current time is Friday, 18-Jul-25 03:56:15 PDT."}
